/CAD/synopsys/DC_Z-2007.03-SP2/auxx/gui/dv/dv_setup.tcl
/CAD/synopsys/DC_Z-2007.03-SP2/auxx/gui/syn/snpsSynProcs.tcl
/CAD/synopsys/DC_Z-2007.03-SP2/auxx/tcllib/lib/tcl8.4/package.tcl
/CAD/synopsys/DC_Z-2007.03-SP2/auxx/gui/common/pathinspector/pkgIndex.tcl
/CAD/synopsys/DC_Z-2007.03-SP2/auxx/gui/common/misc/pkgIndex.tcl
/CAD/synopsys/DC_Z-2007.03-SP2/auxx/gui/common/histogram/pkgIndex.tcl
/CAD/synopsys/DC_Z-2007.03-SP2/auxx/gui/common/qtcl/pkgIndex.tcl
/CAD/synopsys/DC_Z-2007.03-SP2/auxx/gui/common/dialogs/pkgIndex.tcl
/CAD/synopsys/DC_Z-2007.03-SP2/auxx/gui/common/docBrowser/pkgIndex.tcl
/CAD/synopsys/DC_Z-2007.03-SP2/auxx/gui/common/help/pkgIndex.tcl
/CAD/synopsys/DC_Z-2007.03-SP2/auxx/gui/common/libviewer/pkgIndex.tcl
/CAD/synopsys/DC_Z-2007.03-SP2/auxx/gui/common/tcl-dp/pkgIndex.tcl
/CAD/synopsys/DC_Z-2007.03-SP2/auxx/gui/common/profiler/pkgIndex.tcl
/CAD/synopsys/DC_Z-2007.03-SP2/auxx/gui/common/menus/pkgIndex.tcl
/CAD/synopsys/DC_Z-2007.03-SP2/auxx/gui/common/fanoutviewer/pkgIndex.tcl
/CAD/synopsys/DC_Z-2007.03-SP2/auxx/gui/common/highlight/pkgIndex.tcl
/CAD/synopsys/DC_Z-2007.03-SP2/auxx/gui/common/view/pkgIndex.tcl
/CAD/synopsys/DC_Z-2007.03-SP2/auxx/gui/common/table/pkgIndex.tcl
/CAD/synopsys/DC_Z-2007.03-SP2/auxx/gui/common/strokes/pkgIndex.tcl
/CAD/synopsys/DC_Z-2007.03-SP2/auxx/gui/common/opdlg/pkgIndex.tcl
/CAD/synopsys/DC_Z-2007.03-SP2/auxx/gui/common/schematic/pkgIndex.tcl
/CAD/synopsys/DC_Z-2007.03-SP2/auxx/gui/common/select/pkgIndex.tcl
/CAD/synopsys/DC_Z-2007.03-SP2/auxx/gui/common/WindowFrameWork/pkgIndex.tcl
/CAD/synopsys/DC_Z-2007.03-SP2/auxx/gui/common/setup/pkgIndex.tcl
/CAD/synopsys/DC_Z-2007.03-SP2/auxx/gui/common/hierarchy/pkgIndex.tcl
/CAD/synopsys/DC_Z-2007.03-SP2/auxx/tcllib/snps_tcl/snpsTclPro/pkgIndex.tcl
/CAD/synopsys/DC_Z-2007.03-SP2/auxx/tcllib/snps_tcl/snpsUtils/pkgIndex.tcl
/CAD/synopsys/DC_Z-2007.03-SP2/auxx/tcllib/snps_tcl/snpsTest/pkgIndex.tcl
/CAD/synopsys/DC_Z-2007.03-SP2/auxx/tcllib/lib/tcl8.4/dde/pkgIndex.tcl
/CAD/synopsys/DC_Z-2007.03-SP2/auxx/tcllib/lib/tcl8.4/opt/pkgIndex.tcl
/CAD/synopsys/DC_Z-2007.03-SP2/auxx/tcllib/lib/tcl8.4/tcltest/pkgIndex.tcl
/CAD/synopsys/DC_Z-2007.03-SP2/auxx/tcllib/lib/tcl8.4/http1.0/pkgIndex.tcl
/CAD/synopsys/DC_Z-2007.03-SP2/auxx/tcllib/lib/tcl8.4/reg/pkgIndex.tcl
/CAD/synopsys/DC_Z-2007.03-SP2/auxx/tcllib/lib/tcl8.4/http/pkgIndex.tcl
/CAD/synopsys/DC_Z-2007.03-SP2/auxx/tcllib/lib/tcl8.4/msgcat/pkgIndex.tcl
/CAD/synopsys/DC_Z-2007.03-SP2/auxx/gui/common/setup/snpsCommonSetup.tcl
/CAD/synopsys/DC_Z-2007.03-SP2/auxx/gui/common/setup/snpsCustomize.tcl
/CAD/synopsys/DC_Z-2007.03-SP2/auxx/gui/common/setup/snpsProcheck.tcl
/CAD/synopsys/DC_Z-2007.03-SP2/auxx/gui/common/qtcl/.synopsys_qtcl.tcl
/CAD/synopsys/DC_Z-2007.03-SP2/auxx/gui/common/highlight/highlight.tcl
/CAD/synopsys/DC_Z-2007.03-SP2/auxx/gui/common/misc/base.tcl
/CAD/synopsys/DC_Z-2007.03-SP2/auxx/gui/common/misc/timing.tcl
/CAD/synopsys/DC_Z-2007.03-SP2/auxx/gui/common/misc/setting.tcl
/CAD/synopsys/DC_Z-2007.03-SP2/auxx/gui/common/docBrowser/docBrowser.tcl
/CAD/synopsys/DC_Z-2007.03-SP2/auxx/tcllib/snps_tcl/snpsUtils/snpsUtils.tcl
/CAD/synopsys/DC_Z-2007.03-SP2/auxx/gui/common/WindowFrameWork/windowFrameWork.tcl
/CAD/synopsys/DC_Z-2007.03-SP2/auxx/gui/common/WindowFrameWork/skipBusyCursorCmdList.tcl
/CAD/synopsys/DC_Z-2007.03-SP2/auxx/gui/common/dialogs/ObjectChooser.tcl
/CAD/synopsys/DC_Z-2007.03-SP2/auxx/gui/common/misc/DialogObjectChooser.tcl
/CAD/synopsys/DC_Z-2007.03-SP2/auxx/gui/common/dialogs/HistBinInformation.tcl
/CAD/synopsys/DC_Z-2007.03-SP2/auxx/gui/common/dialogs/HistBin1Information.tcl
/CAD/synopsys/DC_Z-2007.03-SP2/auxx/gui/common/dialogs/BinsOnlyInformation.tcl
/CAD/synopsys/DC_Z-2007.03-SP2/auxx/gui/common/dialogs/FileChooser.tcl
/CAD/synopsys/DC_Z-2007.03-SP2/auxx/gui/common/dialogs/PathPinSimpleInfo.tcl
/CAD/synopsys/DC_Z-2007.03-SP2/auxx/gui/common/dialogs/PathsBasicInfo.tcl
/CAD/synopsys/DC_Z-2007.03-SP2/auxx/gui/common/dialogs/PathsBasicSimpleInfo.tcl
/CAD/synopsys/DC_Z-2007.03-SP2/auxx/gui/common/dialogs/SlctOperationInfo.tcl
/CAD/synopsys/DC_Z-2007.03-SP2/auxx/gui/common/dialogs/ObjectListInfo.tcl
/CAD/synopsys/DC_Z-2007.03-SP2/auxx/gui/common/dialogs/FanInOutInfo.tcl
/CAD/synopsys/DC_Z-2007.03-SP2/auxx/gui/common/dialogs/NumberOfLevelsChooser.tcl
/CAD/synopsys/DC_Z-2007.03-SP2/auxx/gui/common/dialogs/WindowReuseInfo.tcl
/CAD/synopsys/DC_Z-2007.03-SP2/auxx/gui/common/dialogs/ReportOutputOptionInfo.tcl
/CAD/synopsys/DC_Z-2007.03-SP2/auxx/gui/common/setup/snpsCollections.tcl
/CAD/synopsys/DC_Z-2007.03-SP2/auxx/gui/common/dialogs/PreferencesDlg.tcl
/CAD/synopsys/DC_Z-2007.03-SP2/auxx/gui/common/dialogs/CompileLinkDesign.tcl
/CAD/synopsys/DC_Z-2007.03-SP2/auxx/gui/common/histogram/DialogEndpointSlack.tcl
/CAD/synopsys/DC_Z-2007.03-SP2/auxx/gui/common/histogram/DialogPathsSlack.tcl
/CAD/synopsys/DC_Z-2007.03-SP2/auxx/gui/common/histogram/DialogNetCapacitance.tcl
/CAD/synopsys/DC_Z-2007.03-SP2/auxx/gui/common/schematic/DialogPathSchematicFanInOut.tcl
/CAD/synopsys/DC_Z-2007.03-SP2/auxx/gui/common/schematic/DialogPathSchematicAddPaths.tcl
/CAD/synopsys/DC_Z-2007.03-SP2/auxx/gui/common/histogram/base.tcl
/CAD/synopsys/DC_Z-2007.03-SP2/auxx/gui/common/profiler/base.tcl
/CAD/synopsys/DC_Z-2007.03-SP2/auxx/gui/common/schematic/base.tcl
/CAD/synopsys/DC_Z-2007.03-SP2/auxx/gui/common/select/baseInternal.tcl
/CAD/synopsys/DC_Z-2007.03-SP2/auxx/gui/common/schematic/enable.tcl
/CAD/synopsys/DC_Z-2007.03-SP2/auxx/gui/common/schematic/netlist.tcl
/CAD/synopsys/DC_Z-2007.03-SP2/auxx/gui/common/schematic/method.tcl
/CAD/synopsys/DC_Z-2007.03-SP2/auxx/gui/common/misc/createViewType.tcl
/CAD/synopsys/DC_Z-2007.03-SP2/auxx/gui/common/menus/base.tcl
/CAD/synopsys/DC_Z-2007.03-SP2/auxx/gui/common/libviewer/base.tcl
/CAD/synopsys/DC_Z-2007.03-SP2/auxx/gui/common/misc/viewmgr.tcl
/CAD/synopsys/DC_Z-2007.03-SP2/auxx/gui/common/pathinspector/base.tcl
/CAD/synopsys/DC_Z-2007.03-SP2/auxx/gui/common/pathinspector/create_window_and_menu.tcl
/CAD/synopsys/DC_Z-2007.03-SP2/auxx/gui/common/misc/viewporthistory.tcl
/home/vlsi_013/Library/aci/sc-x/synopsys/fast_1v32cm40.db
/home/vlsi_013/Library/aci/sc-x/synopsys/slow_1v08c125.db
/home/vlsi_013/Library/aci/sc-x/synopsys/typical_1v2c25.db
/CAD/synopsys/DC_Z-2007.03-SP2/libraries/syn/dw_foundation.sldb
/CAD/synopsys/DC_Z-2007.03-SP2/libraries/syn/dw01.sldb
/CAD/synopsys/DC_Z-2007.03-SP2/libraries/syn/dw02.sldb
/CAD/synopsys/DC_Z-2007.03-SP2/libraries/syn/dw03.sldb
/CAD/synopsys/DC_Z-2007.03-SP2/libraries/syn/dw04.sldb
/CAD/synopsys/DC_Z-2007.03-SP2/libraries/syn/dw05.sldb
/CAD/synopsys/DC_Z-2007.03-SP2/libraries/syn/dw06.sldb
/CAD/synopsys/DC_Z-2007.03-SP2/libraries/syn/dw07.sldb
/CAD/synopsys/DC_Z-2007.03-SP2/libraries/syn/gtech.db
/CAD/synopsys/DC_Z-2007.03-SP2/libraries/syn/standard.sldb
/mnt/hgfs/a-sharefile/simple_gate/result/a_aftercom_0.v
/home/vlsi_013/Library/aci/sc-x/symbols/synopsys/smic13g.sdb
/CAD/synopsys/DC_Z-2007.03-SP2/libraries/syn/generic.sdb
